<?xml version="1.0" encoding="UTF-8"?>
<beans xmlns="http://www.springframework.org/schema/beans"
       xmlns:xsi="http://www.w3.org/2001/XMLSchema-instance"
       xmlns:tx="http://www.springframework.org/schema/tx"
       xmlns:jpa="http://www.springframework.org/schema/data/jpa"
       xsi:schemaLocation="http://www.springframework.org/schema/beans
        http://www.springframework.org/schema/beans/spring-beans-3.1.xsd
        http://www.springframework.org/schema/tx
		http://www.springframework.org/schema/tx/spring-tx.xsd
		http://www.springframework.org/schema/data/jpa
        http://www.springframework.org/schema/data/jpa/spring-jpa.xsd">

    <!-- Persistence Context -->


    <bean id="dataSource" class="org.apache.commons.dbcp.BasicDataSource">
        <property name="driverClassName" value="org.hsqldb.jdbcDriver" />
        <property name="url" value="jdbc:hsqldb:mem:mydb;DB_CLOSE_DELAY=-1" />
        <property name="username" value="sa" />
        <property name="password" value="" />
    </bean>

    <!-- Hibernate Session Factory -->
    <bean id="sessionFactory"
          class="org.springframework.orm.hibernate4.LocalSessionFactoryBean">
        <property name="dataSource" ref="dataSource" />
        <property name="packagesToScan" value="com.br.helpdesk.model" />
        <property name="hibernateProperties">
            <props>
                <prop key="dialect">org.hibernate.dialect.HSQLDialect</prop>
                <prop key="hibernate.hbm2ddl.auto">update</prop>
                <prop key="hibernate.show_sql">false</prop>
            </props>
        </property>
    </bean>

    <!-- JPA Config -->
    <bean id="entityManagerFactory"
          class="org.springframework.orm.jpa.LocalContainerEntityManagerFactoryBean">
        <property name="dataSource" ref="dataSource" />
        <property name="persistenceUnitName" value="CYMO" />
        <property name="jpaVendorAdapter">
            <bean class="org.springframework.orm.jpa.vendor.HibernateJpaVendorAdapter">
                <property name="databasePlatform" value="org.hibernate.dialect.MySQL5Dialect" />
            </bean>
        </property>
    </bean>

    <!-- Hibernate Exception Translator -->
    <bean
            class="org.springframework.dao.annotation.PersistenceExceptionTranslationPostProcessor" />

    <bean
            class="org.springframework.orm.jpa.support.PersistenceAnnotationBeanPostProcessor" />
    <!-- Transaction Manager -->
    <bean id="transactionManager" class="org.springframework.orm.jpa.JpaTransactionManager">
        <property name="entityManagerFactory" ref="entityManagerFactory" />
    </bean>

    <bean id="transactionManagerHibernate"
          class="org.springframework.orm.hibernate4.HibernateTransactionManager">
        <property name="sessionFactory" ref="sessionFactory"></property>
    </bean>

    <tx:annotation-driven transaction-manager="transactionManager" />


    <jpa:repositories base-package="com.br.helpdesk.repository"/>



</beans>